<?xml version="1.0" encoding="UTF-8"?>
<!-- Generated by org.testng.reporters.JUnitXMLReporter -->
<testsuite ignored="0" hostname="PallaviPP" failures="0" tests="2" name="Default test" time="42.88" errors="0" timestamp="2023-01-07T20:05:54 IST">
  <testcase classname="neoStoxTestClasses.ValidateUserNeoStoxNameUsingUsingValueDrivenFrmwrk" name="ValidateUserName" time="0.187"/>
  <testcase classname="neoStoxTestClasses.ValidateUserNeoStoxNameUsingUsingValueDrivenFrmwrk" name="validateACBalance" time="0.229"/>
</testsuite> <!-- Default test -->
